build/app/intermediates/manifest_merge_blame_file/release/manifest-merger-blame-release-report.txt
1<?xml version="1.0" encoding="utf-8"?>
2<manifest xmlns:android="http://schemas.android.com/apk/res/android"
3    package="com.nityamgandhi.centralised_health"
4    android:versionCode="1"
5    android:versionName="1.0" >
6
7    <uses-sdk
8        android:minSdkVersion="21"
9        android:targetSdkVersion="34" />
10
11    <uses-permission android:name="android.permission.ACCESS_FINE_LOCATION" />
11-->src/main/AndroidManifest.xml:3:5-78
11-->src/main/AndroidManifest.xml:3:22-76
12    <uses-permission android:name="android.permission.ACCESS_COARSE_LOCATION" />
12-->src/main/AndroidManifest.xml:4:5-80
12-->src/main/AndroidManifest.xml:4:22-78
13    <!--
14         Required to query activities that can process text, see:
15         https://developer.android.com/training/package-visibility and
16         https://developer.android.com/reference/android/content/Intent#ACTION_PROCESS_TEXT.
17
18         In particular, this is used by the Flutter engine in io.flutter.plugin.text.ProcessTextPlugin.
19    -->
20    <queries>
20-->src/main/AndroidManifest.xml:46:5-51:15
21        <intent>
21-->src/main/AndroidManifest.xml:47:9-50:18
22            <action android:name="android.intent.action.PROCESS_TEXT" />
22-->src/main/AndroidManifest.xml:48:13-72
22-->src/main/AndroidManifest.xml:48:21-70
23
24            <data android:mimeType="text/plain" />
24-->src/main/AndroidManifest.xml:49:13-50
24-->src/main/AndroidManifest.xml:49:19-48
25        </intent>
26        <!-- Needs to be explicitly declared on Android R+ -->
27        <package android:name="com.google.android.apps.maps" />
27-->[com.google.android.gms:play-services-maps:18.2.0] AndroidManifest.xml:33:9-64
27-->[com.google.android.gms:play-services-maps:18.2.0] AndroidManifest.xml:33:18-61
28    </queries>
29    <!-- Include required permissions for Google Maps API to run. -->
30    <uses-permission android:name="android.permission.ACCESS_NETWORK_STATE" />
30-->[com.google.android.gms:play-services-maps:18.2.0] AndroidManifest.xml:23:5-79
30-->[com.google.android.gms:play-services-maps:18.2.0] AndroidManifest.xml:23:22-76
31    <uses-permission android:name="android.permission.INTERNET" />
31-->[com.google.android.gms:play-services-maps:18.2.0] AndroidManifest.xml:24:5-67
31-->[com.google.android.gms:play-services-maps:18.2.0] AndroidManifest.xml:24:22-64
32
33    <uses-feature
33-->[com.google.android.gms:play-services-maps:18.2.0] AndroidManifest.xml:26:5-28:35
34        android:glEsVersion="0x00020000"
34-->[com.google.android.gms:play-services-maps:18.2.0] AndroidManifest.xml:27:9-41
35        android:required="true" />
35-->[com.google.android.gms:play-services-maps:18.2.0] AndroidManifest.xml:28:9-32
36
37    <permission
37-->[androidx.core:core:1.13.1] AndroidManifest.xml:22:5-24:47
38        android:name="com.nityamgandhi.centralised_health.DYNAMIC_RECEIVER_NOT_EXPORTED_PERMISSION"
38-->[androidx.core:core:1.13.1] AndroidManifest.xml:23:9-81
39        android:protectionLevel="signature" />
39-->[androidx.core:core:1.13.1] AndroidManifest.xml:24:9-44
40
41    <uses-permission android:name="com.nityamgandhi.centralised_health.DYNAMIC_RECEIVER_NOT_EXPORTED_PERMISSION" />
41-->[androidx.core:core:1.13.1] AndroidManifest.xml:26:5-97
41-->[androidx.core:core:1.13.1] AndroidManifest.xml:26:22-94
42
43    <application
44        android:name="android.app.Application"
44-->src/main/AndroidManifest.xml:8:9-42
45        android:appComponentFactory="androidx.core.app.CoreComponentFactory"
45-->[androidx.core:core:1.13.1] AndroidManifest.xml:28:18-86
46        android:extractNativeLibs="true"
47        android:icon="@mipmap/ic_launcher"
47-->src/main/AndroidManifest.xml:9:9-43
48        android:label="centralised_health" >
48-->src/main/AndroidManifest.xml:7:9-43
49        <meta-data
49-->src/main/AndroidManifest.xml:10:9-12:70
50            android:name="com.google.android.geo.API_KEY"
50-->src/main/AndroidManifest.xml:11:13-58
51            android:value="AIzaSyDOKSfbngtNqTwvsixlJqCWNWsH5WetaGk" />
51-->src/main/AndroidManifest.xml:12:13-68
52
53        <activity
53-->src/main/AndroidManifest.xml:13:9-34:20
54            android:name="com.nityamgandhi.centralised_health.MainActivity"
54-->src/main/AndroidManifest.xml:14:13-41
55            android:configChanges="orientation|keyboardHidden|keyboard|screenSize|smallestScreenSize|locale|layoutDirection|fontScale|screenLayout|density|uiMode"
55-->src/main/AndroidManifest.xml:19:13-163
56            android:exported="true"
56-->src/main/AndroidManifest.xml:15:13-36
57            android:hardwareAccelerated="true"
57-->src/main/AndroidManifest.xml:20:13-47
58            android:launchMode="singleTop"
58-->src/main/AndroidManifest.xml:16:13-43
59            android:taskAffinity=""
59-->src/main/AndroidManifest.xml:17:13-36
60            android:theme="@style/LaunchTheme"
60-->src/main/AndroidManifest.xml:18:13-47
61            android:windowSoftInputMode="adjustResize" >
61-->src/main/AndroidManifest.xml:21:13-55
62
63            <!--
64                 Specifies an Android theme to apply to this Activity as soon as
65                 the Android process has started. This theme is visible to the user
66                 while the Flutter UI initializes. After that, this theme continues
67                 to determine the Window background behind the Flutter UI.
68            -->
69            <meta-data
69-->src/main/AndroidManifest.xml:26:13-29:17
70                android:name="io.flutter.embedding.android.NormalTheme"
70-->src/main/AndroidManifest.xml:27:15-70
71                android:resource="@style/NormalTheme" />
71-->src/main/AndroidManifest.xml:28:15-52
72
73            <intent-filter>
73-->src/main/AndroidManifest.xml:30:13-33:29
74                <action android:name="android.intent.action.MAIN" />
74-->src/main/AndroidManifest.xml:31:17-68
74-->src/main/AndroidManifest.xml:31:25-66
75
76                <category android:name="android.intent.category.LAUNCHER" />
76-->src/main/AndroidManifest.xml:32:17-76
76-->src/main/AndroidManifest.xml:32:27-74
77            </intent-filter>
78        </activity>
79        <!--
80             Don't delete the meta-data below.
81             This is used by the Flutter tool to generate GeneratedPluginRegistrant.java
82        -->
83        <meta-data
83-->src/main/AndroidManifest.xml:37:9-39:33
84            android:name="flutterEmbedding"
84-->src/main/AndroidManifest.xml:38:13-44
85            android:value="2" />
85-->src/main/AndroidManifest.xml:39:13-30
86
87        <service
87-->[:geolocator_android] AndroidManifest.xml:8:9-12:56
88            android:name="com.baseflow.geolocator.GeolocatorLocationService"
88-->[:geolocator_android] AndroidManifest.xml:9:13-77
89            android:enabled="true"
89-->[:geolocator_android] AndroidManifest.xml:10:13-35
90            android:exported="false"
90-->[:geolocator_android] AndroidManifest.xml:11:13-37
91            android:foregroundServiceType="location" />
91-->[:geolocator_android] AndroidManifest.xml:12:13-53
92        <!--
93           Declares a provider which allows us to store files to share in
94           '.../caches/share_plus' and grant the receiving action access
95        -->
96        <provider
96-->[:share_plus] AndroidManifest.xml:13:9-21:20
97            android:name="dev.fluttercommunity.plus.share.ShareFileProvider"
97-->[:share_plus] AndroidManifest.xml:14:13-77
98            android:authorities="com.nityamgandhi.centralised_health.flutter.share_provider"
98-->[:share_plus] AndroidManifest.xml:15:13-74
99            android:exported="false"
99-->[:share_plus] AndroidManifest.xml:16:13-37
100            android:grantUriPermissions="true" >
100-->[:share_plus] AndroidManifest.xml:17:13-47
101            <meta-data
101-->[:share_plus] AndroidManifest.xml:18:13-20:68
102                android:name="android.support.FILE_PROVIDER_PATHS"
102-->[:share_plus] AndroidManifest.xml:19:17-67
103                android:resource="@xml/flutter_share_file_paths" />
103-->[:share_plus] AndroidManifest.xml:20:17-65
104        </provider>
105        <!--
106           This manifest declared broadcast receiver allows us to use an explicit
107           Intent when creating a PendingItent to be informed of the user's choice
108        -->
109        <receiver
109-->[:share_plus] AndroidManifest.xml:26:9-32:20
110            android:name="dev.fluttercommunity.plus.share.SharePlusPendingIntent"
110-->[:share_plus] AndroidManifest.xml:27:13-82
111            android:exported="false" >
111-->[:share_plus] AndroidManifest.xml:28:13-37
112            <intent-filter>
112-->[:share_plus] AndroidManifest.xml:29:13-31:29
113                <action android:name="EXTRA_CHOSEN_COMPONENT" />
113-->[:share_plus] AndroidManifest.xml:30:17-65
113-->[:share_plus] AndroidManifest.xml:30:25-62
114            </intent-filter>
115        </receiver>
116
117        <activity
117-->[:url_launcher_android] AndroidManifest.xml:8:9-11:74
118            android:name="io.flutter.plugins.urllauncher.WebViewActivity"
118-->[:url_launcher_android] AndroidManifest.xml:9:13-74
119            android:exported="false"
119-->[:url_launcher_android] AndroidManifest.xml:10:13-37
120            android:theme="@android:style/Theme.NoTitleBar.Fullscreen" />
120-->[:url_launcher_android] AndroidManifest.xml:11:13-71
121
122        <provider
122-->[androidx.emoji2:emoji2:1.2.0] AndroidManifest.xml:24:9-32:20
123            android:name="androidx.startup.InitializationProvider"
123-->[androidx.emoji2:emoji2:1.2.0] AndroidManifest.xml:25:13-67
124            android:authorities="com.nityamgandhi.centralised_health.androidx-startup"
124-->[androidx.emoji2:emoji2:1.2.0] AndroidManifest.xml:26:13-68
125            android:exported="false" >
125-->[androidx.emoji2:emoji2:1.2.0] AndroidManifest.xml:27:13-37
126            <meta-data
126-->[androidx.emoji2:emoji2:1.2.0] AndroidManifest.xml:29:13-31:52
127                android:name="androidx.emoji2.text.EmojiCompatInitializer"
127-->[androidx.emoji2:emoji2:1.2.0] AndroidManifest.xml:30:17-75
128                android:value="androidx.startup" />
128-->[androidx.emoji2:emoji2:1.2.0] AndroidManifest.xml:31:17-49
129            <meta-data
129-->[androidx.lifecycle:lifecycle-process:2.7.0] AndroidManifest.xml:29:13-31:52
130                android:name="androidx.lifecycle.ProcessLifecycleInitializer"
130-->[androidx.lifecycle:lifecycle-process:2.7.0] AndroidManifest.xml:30:17-78
131                android:value="androidx.startup" />
131-->[androidx.lifecycle:lifecycle-process:2.7.0] AndroidManifest.xml:31:17-49
132            <meta-data
132-->[androidx.profileinstaller:profileinstaller:1.3.1] AndroidManifest.xml:29:13-31:52
133                android:name="androidx.profileinstaller.ProfileInstallerInitializer"
133-->[androidx.profileinstaller:profileinstaller:1.3.1] AndroidManifest.xml:30:17-85
134                android:value="androidx.startup" />
134-->[androidx.profileinstaller:profileinstaller:1.3.1] AndroidManifest.xml:31:17-49
135        </provider> <!-- Needs to be explicitly declared on P+ -->
136        <uses-library
136-->[com.google.android.gms:play-services-maps:18.2.0] AndroidManifest.xml:39:9-41:40
137            android:name="org.apache.http.legacy"
137-->[com.google.android.gms:play-services-maps:18.2.0] AndroidManifest.xml:40:13-50
138            android:required="false" />
138-->[com.google.android.gms:play-services-maps:18.2.0] AndroidManifest.xml:41:13-37
139
140        <activity
140-->[com.google.android.gms:play-services-base:18.1.0] AndroidManifest.xml:20:9-22:45
141            android:name="com.google.android.gms.common.api.GoogleApiActivity"
141-->[com.google.android.gms:play-services-base:18.1.0] AndroidManifest.xml:20:19-85
142            android:exported="false"
142-->[com.google.android.gms:play-services-base:18.1.0] AndroidManifest.xml:22:19-43
143            android:theme="@android:style/Theme.Translucent.NoTitleBar" />
143-->[com.google.android.gms:play-services-base:18.1.0] AndroidManifest.xml:21:19-78
144
145        <meta-data
145-->[com.google.android.gms:play-services-basement:18.1.0] AndroidManifest.xml:21:9-23:69
146            android:name="com.google.android.gms.version"
146-->[com.google.android.gms:play-services-basement:18.1.0] AndroidManifest.xml:22:13-58
147            android:value="@integer/google_play_services_version" />
147-->[com.google.android.gms:play-services-basement:18.1.0] AndroidManifest.xml:23:13-66
148
149        <uses-library
149-->[androidx.window:window:1.2.0] AndroidManifest.xml:23:9-25:40
150            android:name="androidx.window.extensions"
150-->[androidx.window:window:1.2.0] AndroidManifest.xml:24:13-54
151            android:required="false" />
151-->[androidx.window:window:1.2.0] AndroidManifest.xml:25:13-37
152        <uses-library
152-->[androidx.window:window:1.2.0] AndroidManifest.xml:26:9-28:40
153            android:name="androidx.window.sidecar"
153-->[androidx.window:window:1.2.0] AndroidManifest.xml:27:13-51
154            android:required="false" />
154-->[androidx.window:window:1.2.0] AndroidManifest.xml:28:13-37
155
156        <receiver
156-->[androidx.profileinstaller:profileinstaller:1.3.1] AndroidManifest.xml:34:9-52:20
157            android:name="androidx.profileinstaller.ProfileInstallReceiver"
157-->[androidx.profileinstaller:profileinstaller:1.3.1] AndroidManifest.xml:35:13-76
158            android:directBootAware="false"
158-->[androidx.profileinstaller:profileinstaller:1.3.1] AndroidManifest.xml:36:13-44
159            android:enabled="true"
159-->[androidx.profileinstaller:profileinstaller:1.3.1] AndroidManifest.xml:37:13-35
160            android:exported="true"
160-->[androidx.profileinstaller:profileinstaller:1.3.1] AndroidManifest.xml:38:13-36
161            android:permission="android.permission.DUMP" >
161-->[androidx.profileinstaller:profileinstaller:1.3.1] AndroidManifest.xml:39:13-57
162            <intent-filter>
162-->[androidx.profileinstaller:profileinstaller:1.3.1] AndroidManifest.xml:40:13-42:29
163                <action android:name="androidx.profileinstaller.action.INSTALL_PROFILE" />
163-->[androidx.profileinstaller:profileinstaller:1.3.1] AndroidManifest.xml:41:17-91
163-->[androidx.profileinstaller:profileinstaller:1.3.1] AndroidManifest.xml:41:25-88
164            </intent-filter>
165            <intent-filter>
165-->[androidx.profileinstaller:profileinstaller:1.3.1] AndroidManifest.xml:43:13-45:29
166                <action android:name="androidx.profileinstaller.action.SKIP_FILE" />
166-->[androidx.profileinstaller:profileinstaller:1.3.1] AndroidManifest.xml:44:17-85
166-->[androidx.profileinstaller:profileinstaller:1.3.1] AndroidManifest.xml:44:25-82
167            </intent-filter>
168            <intent-filter>
168-->[androidx.profileinstaller:profileinstaller:1.3.1] AndroidManifest.xml:46:13-48:29
169                <action android:name="androidx.profileinstaller.action.SAVE_PROFILE" />
169-->[androidx.profileinstaller:profileinstaller:1.3.1] AndroidManifest.xml:47:17-88
169-->[androidx.profileinstaller:profileinstaller:1.3.1] AndroidManifest.xml:47:25-85
170            </intent-filter>
171            <intent-filter>
171-->[androidx.profileinstaller:profileinstaller:1.3.1] AndroidManifest.xml:49:13-51:29
172                <action android:name="androidx.profileinstaller.action.BENCHMARK_OPERATION" />
172-->[androidx.profileinstaller:profileinstaller:1.3.1] AndroidManifest.xml:50:17-95
172-->[androidx.profileinstaller:profileinstaller:1.3.1] AndroidManifest.xml:50:25-92
173            </intent-filter>
174        </receiver>
175    </application>
176
177</manifest>